# JRE version: OpenJDK Runtime Environment Temurin-17.0.15+6 (17.0.15+6) (build 17.0.15+6)
# Java VM: OpenJDK 64-Bit Server VM Temurin-17.0.15+6 (17.0.15+6, mixed mode, sharing, tiered, compressed oops, compressed class ptrs, g1 gc, windows-amd64)
GC Precious Log:
 CPUs: 22 total, 22 available
 Memory: 32283M
 Large Page Support: Disabled
 NUMA Support: Disabled
 Compressed Oops: Enabled (32-bit)
 Heap Region Size: 1M
 Heap Min Capacity: 8M
 Heap Initial Capacity: 506M
 Heap Max Capacity: 2G
 Pre-touch: Disabled
 Parallel Workers: 16
 Concurrent Workers: 4
 Concurrent Refinement Workers: 16
 Periodic GC: Disabled
Heap:
 garbage-first heap   total 309248K, used 206232K [0x0000000080000000, 0x0000000100000000)
  region size 1024K, 56 young (57344K), 8 survivors (8192K)
 Metaspace       used 97541K, committed 98432K, reserved 1179648K
  class space    used 13244K, committed 13696K, reserved 1048576K
GC Heap History (20 events):
Event: 18.426 GC heap before
{Heap before GC invocations=18 (full 0):
 garbage-first heap   total 309248K, used 241651K [0x0000000080000000, 0x0000000100000000)
  region size 1024K, 164 young (167936K), 2 survivors (2048K)
 Metaspace       used 52759K, committed 53376K, reserved 1114112K
  class space    used 7337K, committed 7616K, reserved 1048576K
}
Event: 18.431 GC heap after
{Heap after GC invocations=19 (full 0):
 garbage-first heap   total 309248K, used 85197K [0x0000000080000000, 0x0000000100000000)
  region size 1024K, 12 young (12288K), 12 survivors (12288K)
 Metaspace       used 52759K, committed 53376K, reserved 1114112K
  class space    used 7337K, committed 7616K, reserved 1048576K
}
Event: 21.132 GC heap before
{Heap before GC invocations=19 (full 0):
 garbage-first heap   total 309248K, used 249037K [0x0000000080000000, 0x0000000100000000)
  region size 1024K, 163 young (166912K), 12 survivors (12288K)
 Metaspace       used 53453K, committed 54080K, reserved 1114112K
  class space    used 7427K, committed 7680K, reserved 1048576K
}
Event: 21.140 GC heap after
{Heap after GC invocations=20 (full 0):
 garbage-first heap   total 309248K, used 104081K [0x0000000080000000, 0x0000000100000000)
  region size 1024K, 12 young (12288K), 12 survivors (12288K)
 Metaspace       used 53453K, committed 54080K, reserved 1114112K
  class space    used 7427K, committed 7680K, reserved 1048576K
}
Event: 24.130 GC heap before
{Heap before GC invocations=20 (full 0):
 garbage-first heap   total 309248K, used 252561K [0x0000000080000000, 0x0000000100000000)
  region size 1024K, 150 young (153600K), 12 survivors (12288K)
 Metaspace       used 65379K, committed 66112K, reserved 1114112K
  class space    used 8952K, committed 9280K, reserved 1048576K
}
Event: 24.137 GC heap after
{Heap after GC invocations=21 (full 0):
 garbage-first heap   total 309248K, used 116033K [0x0000000080000000, 0x0000000100000000)
  region size 1024K, 10 young (10240K), 10 survivors (10240K)
 Metaspace       used 65379K, committed 66112K, reserved 1114112K
  class space    used 8952K, committed 9280K, reserved 1048576K
}
Event: 25.180 GC heap before
{Heap before GC invocations=21 (full 0):
 garbage-first heap   total 309248K, used 161089K [0x0000000080000000, 0x0000000100000000)
  region size 1024K, 52 young (53248K), 10 survivors (10240K)
 Metaspace       used 69504K, committed 70208K, reserved 1114112K
  class space    used 9476K, committed 9792K, reserved 1048576K
}
Event: 25.184 GC heap after
{Heap after GC invocations=22 (full 0):
 garbage-first heap   total 309248K, used 121767K [0x0000000080000000, 0x0000000100000000)
  region size 1024K, 12 young (12288K), 12 survivors (12288K)
 Metaspace       used 69504K, committed 70208K, reserved 1114112K
  class space    used 9476K, committed 9792K, reserved 1048576K
}
Event: 27.643 GC heap before
{Heap before GC invocations=23 (full 0):
 garbage-first heap   total 309248K, used 251815K [0x0000000080000000, 0x0000000100000000)
  region size 1024K, 138 young (141312K), 12 survivors (12288K)
 Metaspace       used 76624K, committed 77376K, reserved 1179648K
  class space    used 10594K, committed 10944K, reserved 1048576K
}
Event: 27.650 GC heap after
{Heap after GC invocations=24 (full 0):
 garbage-first heap   total 309248K, used 128920K [0x0000000080000000, 0x0000000100000000)
  region size 1024K, 11 young (11264K), 11 survivors (11264K)
 Metaspace       used 76624K, committed 77376K, reserved 1179648K
  class space    used 10594K, committed 10944K, reserved 1048576K
}
Event: 27.710 GC heap before
{Heap before GC invocations=24 (full 0):
 garbage-first heap   total 309248K, used 133016K [0x0000000080000000, 0x0000000100000000)
  region size 1024K, 15 young (15360K), 11 survivors (11264K)
 Metaspace       used 76937K, committed 77632K, reserved 1179648K
  class space    used 10629K, committed 10944K, reserved 1048576K
}
Event: 27.715 GC heap after
{Heap after GC invocations=25 (full 0):
 garbage-first heap   total 309248K, used 129326K [0x0000000080000000, 0x0000000100000000)
  region size 1024K, 1 young (1024K), 1 survivors (1024K)
 Metaspace       used 76937K, committed 77632K, reserved 1179648K
  class space    used 10629K, committed 10944K, reserved 1048576K
}
Event: 28.618 GC heap before
{Heap before GC invocations=25 (full 0):
 garbage-first heap   total 309248K, used 180526K [0x0000000080000000, 0x0000000100000000)
  region size 1024K, 44 young (45056K), 1 survivors (1024K)
 Metaspace       used 80615K, committed 81408K, reserved 1179648K
  class space    used 11121K, committed 11520K, reserved 1048576K
}
Event: 28.622 GC heap after
{Heap after GC invocations=26 (full 0):
 garbage-first heap   total 309248K, used 139669K [0x0000000080000000, 0x0000000100000000)
  region size 1024K, 4 young (4096K), 4 survivors (4096K)
 Metaspace       used 80615K, committed 81408K, reserved 1179648K
  class space    used 11121K, committed 11520K, reserved 1048576K
}
Event: 28.667 GC heap before
{Heap before GC invocations=26 (full 0):
 garbage-first heap   total 309248K, used 143765K [0x0000000080000000, 0x0000000100000000)
  region size 1024K, 5 young (5120K), 4 survivors (4096K)
 Metaspace       used 80615K, committed 81408K, reserved 1179648K
  class space    used 11121K, committed 11520K, reserved 1048576K
}
Event: 28.670 GC heap after
{Heap after GC invocations=27 (full 0):
 garbage-first heap   total 309248K, used 144180K [0x0000000080000000, 0x0000000100000000)
  region size 1024K, 4 young (4096K), 4 survivors (4096K)
 Metaspace       used 80615K, committed 81408K, reserved 1179648K
  class space    used 11121K, committed 11520K, reserved 1048576K
}
Event: 30.600 GC heap before
{Heap before GC invocations=28 (full 0):
 garbage-first heap   total 309248K, used 232244K [0x0000000080000000, 0x0000000100000000)
  region size 1024K, 86 young (88064K), 4 survivors (4096K)
 Metaspace       used 89760K, committed 90560K, reserved 1179648K
  class space    used 12384K, committed 12736K, reserved 1048576K
}
Event: 30.605 GC heap after
{Heap after GC invocations=29 (full 0):
 garbage-first heap   total 309248K, used 152647K [0x0000000080000000, 0x0000000100000000)
  region size 1024K, 9 young (9216K), 9 survivors (9216K)
 Metaspace       used 89760K, committed 90560K, reserved 1179648K
  class space    used 12384K, committed 12736K, reserved 1048576K
}
Event: 30.785 GC heap before
{Heap before GC invocations=29 (full 0):
 garbage-first heap   total 309248K, used 157767K [0x0000000080000000, 0x0000000100000000)
  region size 1024K, 15 young (15360K), 9 survivors (9216K)
 Metaspace       used 91155K, committed 92096K, reserved 1179648K
  class space    used 12542K, committed 12992K, reserved 1048576K
}
Event: 30.789 GC heap after
{Heap after GC invocations=30 (full 0):
 garbage-first heap   total 309248K, used 151659K [0x0000000080000000, 0x0000000100000000)
  region size 1024K, 1 young (1024K), 1 survivors (1024K)
 Metaspace       used 91155K, committed 92096K, reserved 1179648K
  class space    used 12542K, committed 12992K, reserved 1048576K
}

